<?xml version="1.0" encoding="UTF-8"?>
<testng-results ignored="0" total="1" passed="1" failed="0" skipped="0">
  <reporter-output>
  </reporter-output>
  <suite started-at="2022-12-21T16:17:48 IST" name="Default suite" finished-at="2022-12-21T16:18:10 IST" duration-ms="22197">
    <groups>
    </groups>
    <test started-at="2022-12-21T16:17:48 IST" name="Default test" finished-at="2022-12-21T16:18:10 IST" duration-ms="22197">
      <class name="testngdemo1.testngdemo1">
        <test-method is-config="true" signature="setupTest()[pri:0, instance:testngdemo1.testngdemo1@44ebcd03]" started-at="2022-12-21T16:17:48 IST" name="setupTest" finished-at="2022-12-21T16:17:51 IST" duration-ms="2695" status="PASS">
          <reporter-output>
          </reporter-output>
        </test-method> <!-- setupTest -->
        <test-method signature="googleSearch()[pri:0, instance:testngdemo1.testngdemo1@44ebcd03]" started-at="2022-12-21T16:17:51 IST" name="googleSearch" finished-at="2022-12-21T16:17:54 IST" duration-ms="3182" status="PASS">
          <reporter-output>
          </reporter-output>
        </test-method> <!-- googleSearch -->
        <test-method is-config="true" signature="tearDownTest()[pri:0, instance:testngdemo1.testngdemo1@44ebcd03]" started-at="2022-12-21T16:17:54 IST" name="tearDownTest" finished-at="2022-12-21T16:18:10 IST" duration-ms="16290" status="PASS">
          <reporter-output>
          </reporter-output>
        </test-method> <!-- tearDownTest -->
      </class> <!-- testngdemo1.testngdemo1 -->
    </test> <!-- Default test -->
  </suite> <!-- Default suite -->
</testng-results>
